<?xml version="1.0" encoding="UTF-8"?>
<testsuite name="GUITesting" tests="1" skipped="0" failures="0" errors="0" timestamp="2022-04-26T16:55:41" hostname="janguimcbookair.acasmart.jh.edu" time="36.742">
  <properties/>
  <testcase name="testFrontArrowMonthMode()" classname="GUITesting" time="36.742"/>
  <system-out><![CDATA[uhmomscbcofkwaz
epvpxvcunw
ghvlf
lgzpsuivts
jpldwxdkkt
ucjlby
current time: 2022/04/26 12:55:42
[Ljava.lang.String;@13fd8237
]]></system-out>
  <system-err><![CDATA[[Test worker] INFO io.github.bonigarcia.wdm.WebDriverManager - Using chromedriver 100.0.4896.60 (since Chrome 100 is installed in your machine)
[Test worker] INFO io.github.bonigarcia.wdm.WebDriverManager - Exporting webdriver.chrome.driver as /Users/jangwoopark/.m2/repository/webdriver/chromedriver/mac64/100.0.4896.60/chromedriver
[Test worker] INFO com.codeborne.selenide.impl.WebDriverThreadLocalContainer - No webdriver is bound to current thread: 13 - let's create a new webdriver
[Test worker] INFO com.codeborne.selenide.impl.FileHelper - Creating folder: /Users/jangwoopark/Downloads/swtd-final-gui/build/downloads/1650992142461_66143_13
[Test worker] INFO com.codeborne.selenide.webdriver.AbstractDriverFactory - Write webdriver logs to: /Users/jangwoopark/Downloads/swtd-final-gui/build/reports/tests/webdriver.1650992142688_66143_13.log
Starting ChromeDriver 100.0.4896.60 (6a5d10861ce8de5fce22564658033b43cb7de047-refs/branch-heads/4896@{#875}) on port 38158
Only local connections are allowed.
Please see https://chromedriver.chromium.org/security-considerations for suggestions on keeping ChromeDriver safe.
ChromeDriver was started successfully.
Apr 26, 2022 12:55:56 PM org.openqa.selenium.remote.ProtocolHandshake createSession
INFO: Detected dialect: W3C
[Test worker] INFO com.codeborne.selenide.webdriver.BrowserResizer - Set browser size to 1366x768
[Test worker] INFO com.codeborne.selenide.webdriver.WebDriverFactory - BrowserName=chrome Version=100.0.4896.127 Platform=MAC
[Test worker] INFO com.codeborne.selenide.webdriver.WebDriverFactory - Selenide v. 5.14.0
[Test worker] INFO com.codeborne.selenide.webdriver.WebDriverFactory - Selenium WebDriver v. 3.141.59 build time: 2018-11-14T08:17:03
[Test worker] INFO com.codeborne.selenide.drivercommands.CreateDriverCommand - Create webdriver in current thread 13: ChromeDriver -> ChromeDriver: chrome on MAC (f55de10feeba8e97cf869a173057e6f0)
]]></system-err>
</testsuite>
